<?xml version="1.0" encoding="UTF-8"?>
<!-- Generated by org.testng.reporters.JUnitReportReporter -->
<testsuite hostname="DESKTOP-340O6RD" name="api.Topic_02_selenium_webdriver" tests="1" failures="0" timestamp="23 Nov 2020 08:46:59 GMT" time="1.882" errors="0">
  <testcase name="f" time="1.882" classname="api.Topic_02_selenium_webdriver"/>
</testsuite> <!-- api.Topic_02_selenium_webdriver -->
